museum/app/build/outputs/logs/manifest-merger-debug-report.txt
-- Merging decision tree log ---
manifest
ADDED from src\main\AndroidManifest.xml:2:1-78:12
	package
		ADDED from src\main\AndroidManifest.xml:3:5-34
		INJECTED from src\main\AndroidManifest.xml
		INJECTED from src\main\AndroidManifest.xml
	android:versionName
		ADDED from src\main\AndroidManifest.xml:5:5-30
		INJECTED from src\main\AndroidManifest.xml
		INJECTED from src\main\AndroidManifest.xml
	android:versionCode
		ADDED from src\main\AndroidManifest.xml:4:5-28
		INJECTED from src\main\AndroidManifest.xml
		INJECTED from src\main\AndroidManifest.xml
	xmlns:android
		ADDED from src\main\AndroidManifest.xml:2:11-69
uses-permission#android.permission.BLUETOOTH
ADDED from src\main\AndroidManifest.xml:7:5-67
	android:name
		ADDED from src\main\AndroidManifest.xml:7:22-65
uses-permission#android.permission.BLUETOOTH_ADMIN
ADDED from src\main\AndroidManifest.xml:8:5-73
	android:name
		ADDED from src\main\AndroidManifest.xml:8:22-71
uses-permission#android.permission.INTERNET
ADDED from src\main\AndroidManifest.xml:9:5-66
	android:name
		ADDED from src\main\AndroidManifest.xml:9:22-64
uses-permission#android.permission.MEDIA_CONTENT_CONTROL
ADDED from src\main\AndroidManifest.xml:10:5-79
	android:name
		ADDED from src\main\AndroidManifest.xml:10:22-77
uses-permission#android.permission.WAKE_LOCK
ADDED from src\main\AndroidManifest.xml:11:5-67
	android:name
		ADDED from src\main\AndroidManifest.xml:11:22-65
uses-permission#android.permission.SYSTEM_ALERT_WINDOW
ADDED from src\main\AndroidManifest.xml:12:5-77
	android:name
		ADDED from src\main\AndroidManifest.xml:12:22-75
uses-permission#android.permission.GET_TASKS
ADDED from src\main\AndroidManifest.xml:13:5-67
	android:name
		ADDED from src\main\AndroidManifest.xml:13:22-65
uses-permission#android.permission.RECEIVE_BOOT_COMPLETED
ADDED from src\main\AndroidManifest.xml:14:5-80
	android:name
		ADDED from src\main\AndroidManifest.xml:14:22-78
uses-permission#android.permission.BATTERY_STAT
ADDED from src\main\AndroidManifest.xml:15:5-70
	android:name
		ADDED from src\main\AndroidManifest.xml:15:22-68
uses-sdk
ADDED from src\main\AndroidManifest.xml:16:5-18:41
	android:targetSdkVersion
		ADDED from src\main\AndroidManifest.xml:18:9-38
		INJECTED from src\main\AndroidManifest.xml
		INJECTED from src\main\AndroidManifest.xml
	android:minSdkVersion
		ADDED from src\main\AndroidManifest.xml:17:9-35
		INJECTED from src\main\AndroidManifest.xml
		INJECTED from src\main\AndroidManifest.xml
supports-screens
ADDED from src\main\AndroidManifest.xml:19:5-78
	android:largeScreens
		ADDED from src\main\AndroidManifest.xml:19:23-50
	android:anyDensity
		ADDED from src\main\AndroidManifest.xml:19:51-76
application
ADDED from src\main\AndroidManifest.xml:21:5-76:19
	android:label
		ADDED from src\main\AndroidManifest.xml:24:9-41
	android:allowTaskReparenting
		ADDED from src\main\AndroidManifest.xml:26:9-44
	android:allowBackup
		ADDED from src\main\AndroidManifest.xml:22:9-35
	android:icon
		ADDED from src\main\AndroidManifest.xml:23:9-38
	android:theme
		ADDED from src\main\AndroidManifest.xml:25:9-68
activity#com.example.testlib.TabMainActvity
ADDED from src\main\AndroidManifest.xml:28:7-38:18
	android:label
		ADDED from src\main\AndroidManifest.xml:30:13-45
	android:launchMode
		ADDED from src\main\AndroidManifest.xml:29:11-42
	android:name
		ADDED from src\main\AndroidManifest.xml:28:17-66
intent-filter#com.mutecsoft.lib.reStartActvitiy
ADDED from src\main\AndroidManifest.xml:31:13-33:29
action#com.mutecsoft.lib.reStartActvitiy
ADDED from src\main\AndroidManifest.xml:32:17-83
	android:name
		ADDED from src\main\AndroidManifest.xml:32:25-73
intent-filter#android.intent.action.MAIN+android.intent.category.LAUNCHER
ADDED from src\main\AndroidManifest.xml:34:11-37:29
action#android.intent.action.MAIN
ADDED from src\main\AndroidManifest.xml:35:17-69
	android:name
		ADDED from src\main\AndroidManifest.xml:35:25-66
category#android.intent.category.LAUNCHER
ADDED from src\main\AndroidManifest.xml:36:17-77
	android:name
		ADDED from src\main\AndroidManifest.xml:36:27-74
activity#com.example.testlib.MainActivity
ADDED from src\main\AndroidManifest.xml:39:9-41:11
	android:name
		ADDED from src\main\AndroidManifest.xml:40:13-60
activity#com.example.testlib.ContentActivity
ADDED from src\main\AndroidManifest.xml:42:9-45:22
	android:name
		ADDED from src\main\AndroidManifest.xml:43:13-63
activity#com.example.testlib.SearchActivity
ADDED from src\main\AndroidManifest.xml:46:9-48:22
	android:name
		ADDED from src\main\AndroidManifest.xml:47:13-62
activity#com.example.testlib.MapActivity
ADDED from src\main\AndroidManifest.xml:49:9-51:22
	android:name
		ADDED from src\main\AndroidManifest.xml:50:13-59
activity#com.example.testlib.InfoActivity
ADDED from src\main\AndroidManifest.xml:52:9-54:22
	android:name
		ADDED from src\main\AndroidManifest.xml:53:13-60
activity#com.example.testlib.PopupToast
ADDED from src\main\AndroidManifest.xml:55:9-58:20
	android:name
		ADDED from src\main\AndroidManifest.xml:56:13-58
service#com.mutecsoft.sdk.service.BeaconService
ADDED from src\main\AndroidManifest.xml:60:9-65:20
	android:singleUser
		ADDED from src\main\AndroidManifest.xml:64:13-38
	android:exported
		ADDED from src\main\AndroidManifest.xml:63:13-37
	android:stopWithTask
		ADDED from src\main\AndroidManifest.xml:62:13-40
	android:name
		ADDED from src\main\AndroidManifest.xml:61:13-67
receiver#com.example.testlib.BeaconReceiver
ADDED from src\main\AndroidManifest.xml:66:9-75:20
	android:enabled
		ADDED from src\main\AndroidManifest.xml:68:13-35
	android:label
		ADDED from src\main\AndroidManifest.xml:70:13-47
	android:exported
		ADDED from src\main\AndroidManifest.xml:69:13-37
	android:name
		ADDED from src\main\AndroidManifest.xml:67:13-62
intent-filter#action.restartService+android.intent.action.BOOT_COMPLETED
ADDED from src\main\AndroidManifest.xml:71:13-74:29
action#android.intent.action.BOOT_COMPLETED
ADDED from src\main\AndroidManifest.xml:72:17-78
	android:name
		ADDED from src\main\AndroidManifest.xml:72:25-76
action#action.restartService
ADDED from src\main\AndroidManifest.xml:73:17-71
	android:name
		ADDED from src\main\AndroidManifest.xml:73:25-61